<?xml version="1.0" encoding="UTF-8"?>
<!-- Generated by org.testng.reporters.JUnitReportReporter -->
<testsuite hostname="IN-PF2S9V8T" failures="0" tests="5" name="testingbaba_test.Dropdown_test" time="5.797" errors="0" timestamp="2023-12-15T02:46:52 IST" skipped="0">
  <testcase classname="testingbaba_test.Dropdown_test" name="clickOn" time="3.158"/>
  <testcase classname="testingbaba_test.Dropdown_test" name="selectOption" time="0.556"/>
  <testcase classname="testingbaba_test.Dropdown_test" name="selectTitle" time="0.507"/>
  <testcase classname="testingbaba_test.Dropdown_test" name="selectOld" time="0.494"/>
  <testcase classname="testingbaba_test.Dropdown_test" name="stndmenuhtml" time="1.082"/>
</testsuite> <!-- testingbaba_test.Dropdown_test -->
