<?xml version="1.0" encoding="UTF-8"?>
<!-- Generated by org.testng.reporters.JUnitReportReporter -->
<testsuite hostname="IN-PF2S9V8T" failures="0" tests="2" name="testingbaba_test.Sortable_test" time="2.845" errors="0" timestamp="2023-12-21T02:59:00 IST" skipped="0">
  <testcase classname="testingbaba_test.Sortable_test" name="clickonbtn" time="2.662"/>
  <testcase classname="testingbaba_test.Sortable_test" name="tableData" time="0.183"/>
</testsuite> <!-- testingbaba_test.Sortable_test -->
