<?xml version="1.0" encoding="UTF-8"?>
<!-- Generated by org.testng.reporters.JUnitReportReporter -->
<testsuite hostname="IN-PF2S9V8T" failures="0" tests="4" name="testingbaba_test.radio_button_test" time="3.964" errors="0" timestamp="2023-12-12T16:09:52 IST" skipped="0">
  <testcase classname="testingbaba_test.radio_button_test" name="onclick" time="2.648"/>
  <testcase classname="testingbaba_test.radio_button_test" name="yesclick" time="0.976"/>
  <testcase classname="testingbaba_test.radio_button_test" name="impclick" time="0.177"/>
  <testcase classname="testingbaba_test.radio_button_test" name="noclick" time="0.163"/>
</testsuite> <!-- testingbaba_test.radio_button_test -->
