<?xml version="1.0" encoding="UTF-8"?>
<!-- Generated by org.testng.reporters.JUnitReportReporter -->
<testsuite hostname="IN-PF2S9V8T" failures="0" tests="3" name="testingbaba_test.UploadDown_test" time="6.386" errors="0" timestamp="2023-12-14T02:12:47 IST" skipped="0">
  <testcase classname="testingbaba_test.UploadDown_test" name="clickOn" time="2.242"/>
  <testcase classname="testingbaba_test.UploadDown_test" name="uploaddown" time="0.199"/>
  <testcase classname="testingbaba_test.UploadDown_test" name="uploadfile" time="3.945"/>
</testsuite> <!-- testingbaba_test.UploadDown_test -->
