<?xml version="1.0" encoding="UTF-8"?>
<!-- Generated by org.testng.reporters.JUnitReportReporter -->
<testsuite hostname="IN-PF2S9V8T" failures="0" tests="2" name="testingbaba_test.Logintest" time="2.885" errors="0" timestamp="2023-11-29T17:15:00 IST" skipped="0">
  <testcase classname="testingbaba_test.Logintest" name="getTitle_testingbaba" time="0.020"/>
  <testcase classname="testingbaba_test.Logintest" name="clickonClosebrn_practice" time="2.865"/>
</testsuite> <!-- testingbaba_test.Logintest -->
