<?xml version="1.0" encoding="UTF-8"?>
<!-- Generated by org.testng.reporters.JUnitReportReporter -->
<testsuite hostname="IN-PF2S9V8T" failures="0" tests="4" name="testingbaba_test.check_box_test" time="4.424" errors="0" timestamp="2023-11-29T17:16:43 IST" skipped="0">
  <testcase classname="testingbaba_test.check_box_test" name="checkBoxclick" time="2.021"/>
  <testcase classname="testingbaba_test.check_box_test" name="mobileClick" time="1.665"/>
  <testcase classname="testingbaba_test.check_box_test" name="laptopClick" time="0.403"/>
  <testcase classname="testingbaba_test.check_box_test" name="desktopClick" time="0.335"/>
</testsuite> <!-- testingbaba_test.check_box_test -->
