<?xml version="1.0" encoding="UTF-8"?>
<!-- Generated by org.testng.reporters.JUnitReportReporter -->
<testsuite hostname="IN-PF2S9V8T" failures="0" tests="2" name="testingbaba_test.Newtab_test" time="4.130" errors="0" timestamp="2023-12-16T00:33:19 IST" skipped="0">
  <testcase classname="testingbaba_test.Newtab_test" name="clickOn" time="3.943"/>
  <testcase classname="testingbaba_test.Newtab_test" name="newTabs" time="0.187"/>
</testsuite> <!-- testingbaba_test.Newtab_test -->
