<?xml version="1.0" encoding="UTF-8"?>
<!-- Generated by org.testng.reporters.JUnitReportReporter -->
<testsuite hostname="IN-PF2S9V8T" failures="0" tests="2" name="testingbaba_test.Nestedframes_test" time="3.721" errors="0" timestamp="2023-12-16T01:34:43 IST" skipped="0">
  <testcase classname="testingbaba_test.Nestedframes_test" name="clickOn" time="2.858"/>
  <testcase classname="testingbaba_test.Nestedframes_test" name="frameclick" time="0.863"/>
</testsuite> <!-- testingbaba_test.Nestedframes_test -->
