<?xml version="1.0" encoding="UTF-8"?>
<!-- Generated by org.testng.reporters.JUnitReportReporter -->
<testsuite hostname="IN-PF2S9V8T" failures="0" tests="5" name="testingbaba_test.Buttons_test" time="6.312" errors="0" timestamp="2023-12-12T19:53:38 IST" skipped="0">
  <testcase classname="testingbaba_test.Buttons_test" name="practiceclick" time="3.728"/>
  <testcase classname="testingbaba_test.Buttons_test" name="practiceclick2" time="0.138"/>
  <testcase classname="testingbaba_test.Buttons_test" name="doubleclick" time="1.823"/>
  <testcase classname="testingbaba_test.Buttons_test" name="rightclick" time="0.381"/>
  <testcase classname="testingbaba_test.Buttons_test" name="clickme" time="0.242"/>
</testsuite> <!-- testingbaba_test.Buttons_test -->
