<?xml version="1.0" encoding="UTF-8"?>
<!-- Generated by org.testng.reporters.JUnitReportReporter -->
<testsuite hostname="IN-PF2S9V8T" failures="0" tests="5" name="testingbaba_test.text_box_test" time="3.786" errors="0" timestamp="2023-12-08T01:22:21 IST" skipped="0">
  <testcase classname="testingbaba_test.text_box_test" name="Text_box_click" time="2.112"/>
  <testcase classname="testingbaba_test.text_box_test" name="Text_box_exl" time="1.139"/>
  <testcase classname="testingbaba_test.text_box_test" name="Submit" time="0.060"/>
  <testcase classname="testingbaba_test.text_box_test" name="getdetails" time="0.244"/>
  <testcase classname="testingbaba_test.text_box_test" name="getDetails" time="0.231"/>
</testsuite> <!-- testingbaba_test.text_box_test -->
