<?xml version="1.0" encoding="UTF-8"?>
<!-- Generated by org.testng.reporters.JUnitReportReporter -->
<testsuite hostname="IN-PF2S9V8T" failures="0" tests="3" name="testingbaba_test.ProgressBar_test" time="4.878" errors="0" timestamp="2023-12-19T03:15:25 IST" skipped="0">
  <testcase classname="testingbaba_test.ProgressBar_test" name="clickOnbtn" time="2.626"/>
  <testcase classname="testingbaba_test.ProgressBar_test" name="clickonbar" time="0.084"/>
  <testcase classname="testingbaba_test.ProgressBar_test" name="startbar" time="2.168"/>
</testsuite> <!-- testingbaba_test.ProgressBar_test -->
