<?xml version="1.0" encoding="UTF-8"?>
<!-- Generated by org.testng.reporters.JUnitReportReporter -->
<testsuite hostname="IN-PF2S9V8T" failures="0" tests="5" name="testingbaba_test.Alerts_test" time="8.130" errors="0" timestamp="2023-12-16T01:04:00 IST" skipped="0">
  <testcase classname="testingbaba_test.Alerts_test" name="clickOn" time="2.779"/>
  <testcase classname="testingbaba_test.Alerts_test" name="clickOnAlert" time="0.060"/>
  <testcase classname="testingbaba_test.Alerts_test" name="fivesecAlert" time="5.171"/>
  <testcase classname="testingbaba_test.Alerts_test" name="confirmBox" time="0.054"/>
  <testcase classname="testingbaba_test.Alerts_test" name="promptbox" time="0.066"/>
</testsuite> <!-- testingbaba_test.Alerts_test -->
