<?xml version="1.0" encoding="UTF-8"?>
<!-- Generated by org.testng.reporters.JUnitReportReporter -->
<testsuite hostname="IN-PF2S9V8T" failures="0" tests="2" name="testingbaba_test.ToolTips_test" time="3.459" errors="0" timestamp="2023-12-19T02:51:51 IST" skipped="0">
  <testcase classname="testingbaba_test.ToolTips_test" name="clickOnbtn" time="3.196"/>
  <testcase classname="testingbaba_test.ToolTips_test" name="hooverme" time="0.263"/>
</testsuite> <!-- testingbaba_test.ToolTips_test -->
